2019-07-26 14:05:34 INFO  TestBase:142 - Initiaization of driver 259077766
2019-07-26 14:05:34 INFO  WaitHelper:41 - implicit wait set to 20
2019-07-26 14:05:34 INFO  WaitHelper:53 - Page load time out value is set to 50
2019-07-26 14:05:34 INFO  WaitHelper:55 - page is loaded 
2019-07-26 14:05:38 INFO  WaitHelper:53 - Page load time out value is set to 50
2019-07-26 14:05:38 INFO  WaitHelper:55 - page is loaded 
2019-07-26 14:05:38 INFO  VerificationHelper:67 -  Element is displayed--Instagram
2019-07-26 14:05:38 INFO  FBInstagramPageObjectsVerfication:44 - Instagram  is Displayed true
2019-07-26 14:05:38 INFO  FBInstagramPageObjectsVerfication:48 - clicked  Instagram 
2019-07-26 14:05:44 INFO  TestBase:142 - Initiaization of driver 123418227
2019-07-26 14:05:44 INFO  WaitHelper:41 - implicit wait set to 20
2019-07-26 14:05:44 INFO  WaitHelper:53 - Page load time out value is set to 50
2019-07-26 14:05:44 INFO  WaitHelper:55 - page is loaded 
2019-07-26 14:05:47 INFO  WaitHelper:53 - Page load time out value is set to 50
2019-07-26 14:05:47 INFO  WaitHelper:55 - page is loaded 
2019-07-26 14:05:47 INFO  VerificationHelper:67 -  Element is displayed--
2019-07-26 14:05:47 INFO  FBSignUpPageObjectsVerification:40 - Firstname  is Displayed true
2019-07-26 14:05:47 INFO  FBSignUpPageObjectsVerification:44 - enter  firstname 
2019-07-26 14:05:47 INFO  VerificationHelper:67 -  Element is displayed--
2019-07-26 14:05:47 INFO  FBSignUpPageObjectsVerification:57 - Lastname  is Displayed true
2019-07-26 14:05:48 INFO  FBSignUpPageObjectsVerification:61 - enter  Lastname 
2019-07-26 14:05:48 INFO  VerificationHelper:67 -  Element is displayed--
2019-07-26 14:05:48 INFO  FBSignUpPageObjectsVerification:72 - Email  is Displayed true
2019-07-26 14:05:48 INFO  FBSignUpPageObjectsVerification:76 - enter  Email 
2019-07-26 14:05:49 INFO  VerificationHelper:67 -  Element is displayed--
2019-07-26 14:05:49 INFO  FBSignUpPageObjectsVerification:90 - ReType Email  is Displayed true
2019-07-26 14:05:49 INFO  FBSignUpPageObjectsVerification:94 - enter  ReType Email 
2019-07-26 14:05:49 INFO  VerificationHelper:67 -  Element is displayed--
2019-07-26 14:05:49 INFO  FBSignUpPageObjectsVerification:106 - Password is Displayed true
2019-07-26 14:05:49 INFO  FBSignUpPageObjectsVerification:110 - enter  Password 
2019-07-26 14:05:49 INFO  VerificationHelper:67 -  Element is displayed--Day
1
2
3
4
5
6
7
8
9
10
11
12
13
14
15
16
17
18
19
20
21
22
23
24
25
26
27
28
29
30
31
2019-07-26 14:05:49 INFO  FBSignUpPageObjectsVerification:122 - Day is Displayed true
2019-07-26 14:05:50 INFO  DropDownHelper:31 - selectUsingIndex  and index is  5
2019-07-26 14:05:50 INFO  FBSignUpPageObjectsVerification:126 - Selected Day 
2019-07-26 14:05:50 INFO  VerificationHelper:67 -  Element is displayed--Month
Jan
Feb
Mar
Apr
May
Jun
Jul
Aug
Sept
Oct
Nov
Dec
2019-07-26 14:05:50 INFO  FBSignUpPageObjectsVerification:138 - Month is Displayed true
2019-07-26 14:05:50 INFO  DropDownHelper:25 - 8 is selected in the [[FirefoxDriver: firefox on MAC (c2c25eb3-8680-8042-98d5-489ae89d1a7e)] -> name: birthday_month] the drop down 
2019-07-26 14:05:50 INFO  FBSignUpPageObjectsVerification:142 - Selected  Month 
2019-07-26 14:05:50 INFO  VerificationHelper:67 -  Element is displayed--Year
2019
2018
2017
2016
2015
2014
2013
2012
2011
2010
2009
2008
2007
2006
2005
2004
2003
2002
2001
2000
1999
1998
1997
1996
1995
1994
1993
1992
1991
1990
1989
1988
1987
1986
1985
1984
1983
1982
1981
1980
1979
1978
1977
1976
1975
1974
1973
1972
1971
1970
1969
1968
1967
1966
1965
1964
1963
1962
1961
1960
1959
1958
1957
1956
1955
1954
1953
1952
1951
1950
1949
1948
1947
1946
1945
1944
1943
1942
1941
1940
1939
1938
1937
1936
1935
1934
1933
1932
1931
1930
1929
1928
1927
1926
1925
1924
1923
1922
1921
1920
1919
1918
1917
1916
1915
1914
1913
1912
1911
1910
1909
1908
1907
1906
1905
2019-07-26 14:05:50 INFO  FBSignUpPageObjectsVerification:154 - Year is Displayed true
2019-07-26 14:05:50 INFO  DropDownHelper:25 - 1992 is selected in the [[FirefoxDriver: firefox on MAC (c2c25eb3-8680-8042-98d5-489ae89d1a7e)] -> name: birthday_year] the drop down 
2019-07-26 14:05:50 INFO  FBSignUpPageObjectsVerification:158 - Selected  Year 
2019-07-26 14:05:53 INFO  TestBase:142 - Initiaization of driver 98801744
2019-07-26 14:05:53 INFO  WaitHelper:41 - implicit wait set to 20
2019-07-26 14:05:53 INFO  WaitHelper:53 - Page load time out value is set to 50
2019-07-26 14:05:53 INFO  WaitHelper:55 - page is loaded 
2019-07-26 14:05:56 INFO  TestBase:142 - Initiaization of driver 261052089
2019-07-26 14:05:56 INFO  WaitHelper:41 - implicit wait set to 20
2019-07-26 14:05:56 INFO  WaitHelper:53 - Page load time out value is set to 50
2019-07-26 14:05:56 INFO  WaitHelper:55 - page is loaded 
